Initialized native services in: /home/jules/.gradle/native
Initialized jansi services in: /home/jules/.gradle/native
Received JVM installation metadata from '/usr/lib/jvm/java-21-openjdk-amd64': {JAVA_HOME=/usr/lib/jvm/java-21-openjdk-amd64, JAVA_VERSION=21.0.10, JAVA_VENDOR=Ubuntu, RUNTIME_NAME=OpenJDK Runtime Environment, RUNTIME_VERSION=21.0.10+7-Ubuntu-124.04, VM_NAME=OpenJDK 64-Bit Server VM, VM_VERSION=21.0.10+7-Ubuntu-124.04, VM_VENDOR=Ubuntu, OS_ARCH=amd64}
To honour the JVM settings for this build a single-use Daemon process will be forked. For more on this, please refer to https://docs.gradle.org/8.7/userguide/gradle_daemon.html#sec:disabling_the_daemon in the Gradle documentation.
Starting process 'Gradle build daemon'. Working directory: /home/jules/.gradle/daemon/8.7 Command: /usr/lib/jvm/java-21-openjdk-amd64/bin/java --add-opens=java.base/java.util=ALL-UNNAMED --add-opens=java.base/java.lang=ALL-UNNAMED --add-opens=java.base/java.lang.invoke=ALL-UNNAMED --add-opens=java.prefs/java.util.prefs=ALL-UNNAMED --add-opens=java.base/java.nio.charset=ALL-UNNAMED --add-opens=java.base/java.net=ALL-UNNAMED --add-opens=java.base/java.util.concurrent.atomic=ALL-UNNAMED -XX:MaxMetaspaceSize=384m -XX:+HeapDumpOnOutOfMemoryError -Xms256m -Xmx512m -Dfile.encoding=UTF-8 -Duser.country -Duser.language=en -Duser.variant -cp /home/jules/.gradle/wrapper/dists/gradle-8.7-all/aan3ydargesu18aqyqjwhr3pc/gradle-8.7/lib/gradle-launcher-8.7.jar -javaagent:/home/jules/.gradle/wrapper/dists/gradle-8.7-all/aan3ydargesu18aqyqjwhr3pc/gradle-8.7/lib/agents/gradle-instrumentation-agent-8.7.jar org.gradle.launcher.daemon.bootstrap.GradleDaemon 8.7
Successfully started process 'Gradle build daemon'
An attempt to start the daemon took 1.137 secs.
The client will now receive all logging from the daemon (pid: 62223). The daemon log file: /home/jules/.gradle/daemon/8.7/daemon-62223.out.log
Closing daemon's stdin at end of input.
The daemon will no longer process any standard input.
Daemon will be stopped at the end of the build
Using 4 worker leases.
Received JVM installation metadata from '/usr/lib/jvm/java-21-openjdk-amd64': {JAVA_HOME=/usr/lib/jvm/java-21-openjdk-amd64, JAVA_VERSION=21.0.10, JAVA_VENDOR=Ubuntu, RUNTIME_NAME=OpenJDK Runtime Environment, RUNTIME_VERSION=21.0.10+7-Ubuntu-124.04, VM_NAME=OpenJDK 64-Bit Server VM, VM_VERSION=21.0.10+7-Ubuntu-124.04, VM_VENDOR=Ubuntu, OS_ARCH=amd64}
Watching the file system is configured to be enabled if available
Not watching /app since the file system is not supported
File system watching is active
Starting Build
Settings evaluated using settings file '/app/settings.gradle.kts'.
Projects loaded. Root project using build file '/app/build.gradle.kts'.
Included projects: [root project 'Monk Fitness App', project ':app']

> Configure project :
Evaluating root project 'Monk Fitness App' using build file '/app/build.gradle.kts'.
Transforming gradle-8.5.0.jar (com.android.tools.build:gradle:8.5.0) with ExternalDependencyInstrumentingArtifactTransform
Transforming gradle-settings-api-8.5.0.jar (com.android.tools.build:gradle-settings-api:8.5.0) with ExternalDependencyInstrumentingArtifactTransform
Transforming lint-model-31.5.0.jar (com.android.tools.lint:lint-model:31.5.0) with ExternalDependencyInstrumentingArtifactTransform
Transforming builder-8.5.0.jar (com.android.tools.build:builder:8.5.0) with ExternalDependencyInstrumentingArtifactTransform
Transforming manifest-merger-31.5.0.jar (com.android.tools.build:manifest-merger:31.5.0) with ExternalDependencyInstrumentingArtifactTransform
Transforming sdk-common-31.5.0.jar (com.android.tools:sdk-common:31.5.0) with ExternalDependencyInstrumentingArtifactTransform
Transforming sdklib-31.5.0.jar (com.android.tools:sdklib:31.5.0) with ExternalDependencyInstrumentingArtifactTransform
Transforming repository-31.5.0.jar (com.android.tools:repository:31.5.0) with ExternalDependencyInstrumentingArtifactTransform
Transforming aaptcompiler-8.5.0.jar (com.android.tools.build:aaptcompiler:8.5.0) with ExternalDependencyInstrumentingArtifactTransform
Transforming tracker-31.5.0.jar (com.android.tools.analytics-library:tracker:31.5.0) with ExternalDependencyInstrumentingArtifactTransform
Transforming shared-31.5.0.jar (com.android.tools.analytics-library:shared:31.5.0) with ExternalDependencyInstrumentingArtifactTransform
Transforming databinding-compiler-common-8.5.0.jar (androidx.databinding:databinding-compiler-common:8.5.0) with ExternalDependencyInstrumentingArtifactTransform
Transforming android-test-plugin-host-emulator-control-proto-31.5.0.jar (com.android.tools.utp:android-test-plugin-host-emulator-control-proto:31.5.0) with ExternalDependencyInstrumentingArtifactTransform
Transforming android-test-plugin-host-retention-proto-31.5.0.jar (com.android.tools.utp:android-test-plugin-host-retention-proto:31.5.0) with ExternalDependencyInstrumentingArtifactTransform
Transforming builder-model-8.5.0.jar (com.android.tools.build:builder-model:8.5.0) with ExternalDependencyInstrumentingArtifactTransform
Transforming gradle-api-8.5.0.jar (com.android.tools.build:gradle-api:8.5.0) with ExternalDependencyInstrumentingArtifactTransform
Transforming builder-test-api-8.5.0.jar (com.android.tools.build:builder-test-api:8.5.0) with ExternalDependencyInstrumentingArtifactTransform
Transforming ddmlib-31.5.0.jar (com.android.tools.ddms:ddmlib:31.5.0) with ExternalDependencyInstrumentingArtifactTransform
Transforming layoutlib-api-31.5.0.jar (com.android.tools.layoutlib:layoutlib-api:31.5.0) with ExternalDependencyInstrumentingArtifactTransform
Transforming dvlib-31.5.0.jar (com.android.tools:dvlib:31.5.0) with ExternalDependencyInstrumentingArtifactTransform
Transforming common-31.5.0.jar (com.android.tools:common:31.5.0) with ExternalDependencyInstrumentingArtifactTransform
Transforming kotlin-stdlib-jdk8-1.9.20.jar (org.jetbrains.kotlin:kotlin-stdlib-jdk8:1.9.20) with ExternalDependencyInstrumentingArtifactTransform
Transforming jetifier-processor-1.0.0-beta10.jar (com.android.tools.build.jetifier:jetifier-processor:1.0.0-beta10) with ExternalDependencyInstrumentingArtifactTransform
Transforming jetifier-core-1.0.0-beta10.jar (com.android.tools.build.jetifier:jetifier-core:1.0.0-beta10) with ExternalDependencyInstrumentingArtifactTransform
Transforming symbol-processing-gradle-plugin-2.0.0-1.0.21.jar (com.google.devtools.ksp:symbol-processing-gradle-plugin:2.0.0-1.0.21) with ExternalDependencyInstrumentingArtifactTransform
Transforming symbol-processing-api-2.0.0-1.0.21.jar (com.google.devtools.ksp:symbol-processing-api:2.0.0-1.0.21) with ExternalDependencyInstrumentingArtifactTransform
Transforming symbol-processing-common-deps-2.0.0-1.0.21.jar (com.google.devtools.ksp:symbol-processing-common-deps:2.0.0-1.0.21) with ExternalDependencyInstrumentingArtifactTransform
Transforming kotlin-reflect-1.9.22.jar (org.jetbrains.kotlin:kotlin-reflect:1.9.22) with ExternalDependencyInstrumentingArtifactTransform
Transforming kotlin-stdlib-jdk7-1.9.20.jar (org.jetbrains.kotlin:kotlin-stdlib-jdk7:1.9.20) with ExternalDependencyInstrumentingArtifactTransform
Transforming kotlin-stdlib-1.9.22.jar (org.jetbrains.kotlin:kotlin-stdlib:1.9.22) with ExternalDependencyInstrumentingArtifactTransform
Transforming annotations-13.0.jar (org.jetbrains:annotations:13.0) with ExternalDependencyInstrumentingArtifactTransform
Transforming kotlin-gradle-plugin-model-2.0.0.jar (org.jetbrains.kotlin:kotlin-gradle-plugin-model:2.0.0) with ExternalDependencyInstrumentingArtifactTransform
Transforming kotlin-gradle-plugin-api-2.0.0.jar (org.jetbrains.kotlin:kotlin-gradle-plugin-api:2.0.0) with ExternalDependencyInstrumentingArtifactTransform
Transforming kotlin-gradle-plugin-api-2.0.0-gradle85.jar (org.jetbrains.kotlin:kotlin-gradle-plugin-api:2.0.0) with ExternalDependencyInstrumentingArtifactTransform
Transforming compose-compiler-gradle-plugin-2.0.0-gradle85.jar (org.jetbrains.kotlin:compose-compiler-gradle-plugin:2.0.0) with ExternalDependencyInstrumentingArtifactTransform
Transforming kotlin-gradle-plugin-2.0.0-gradle85.jar (org.jetbrains.kotlin:kotlin-gradle-plugin:2.0.0) with ExternalDependencyInstrumentingArtifactTransform
Transforming bundletool-1.16.0.jar (com.android.tools.build:bundletool:1.16.0) with ExternalDependencyInstrumentingArtifactTransform
Transforming aapt2-proto-8.5.0-11315950.jar (com.android.tools.build:aapt2-proto:8.5.0-11315950) with ExternalDependencyInstrumentingArtifactTransform
Transforming crash-31.5.0.jar (com.android.tools.analytics-library:crash:31.5.0) with ExternalDependencyInstrumentingArtifactTransform
Transforming lint-typedef-remover-31.5.0.jar (com.android.tools.lint:lint-typedef-remover:31.5.0) with ExternalDependencyInstrumentingArtifactTransform
Transforming databinding-common-8.5.0.jar (androidx.databinding:databinding-common:8.5.0) with ExternalDependencyInstrumentingArtifactTransform
Transforming baseLibrary-8.5.0.jar (com.android.databinding:baseLibrary:8.5.0) with ExternalDependencyInstrumentingArtifactTransform
Transforming android-device-provider-ddmlib-proto-31.5.0.jar (com.android.tools.utp:android-device-provider-ddmlib-proto:31.5.0) with ExternalDependencyInstrumentingArtifactTransform
Transforming android-device-provider-gradle-proto-31.5.0.jar (com.android.tools.utp:android-device-provider-gradle-proto:31.5.0) with ExternalDependencyInstrumentingArtifactTransform
Transforming android-test-plugin-host-additional-test-output-proto-31.5.0.jar (com.android.tools.utp:android-test-plugin-host-additional-test-output-proto:31.5.0) with ExternalDependencyInstrumentingArtifactTransform
Transforming android-test-plugin-host-coverage-proto-31.5.0.jar (com.android.tools.utp:android-test-plugin-host-coverage-proto:31.5.0) with ExternalDependencyInstrumentingArtifactTransform
Transforming android-test-plugin-host-logcat-proto-31.5.0.jar (com.android.tools.utp:android-test-plugin-host-logcat-proto:31.5.0) with ExternalDependencyInstrumentingArtifactTransform
Transforming android-test-plugin-host-apk-installer-proto-31.5.0.jar (com.android.tools.utp:android-test-plugin-host-apk-installer-proto:31.5.0) with ExternalDependencyInstrumentingArtifactTransform
Transforming android-test-plugin-result-listener-gradle-proto-31.5.0.jar (com.android.tools.utp:android-test-plugin-result-listener-gradle-proto:31.5.0) with ExternalDependencyInstrumentingArtifactTransform
Transforming transform-api-2.0.0-deprecated-use-gradle-api.jar (com.android.tools.build:transform-api:2.0.0-deprecated-use-gradle-api) with ExternalDependencyInstrumentingArtifactTransform
Transforming httpmime-4.5.6.jar (org.apache.httpcomponents:httpmime:4.5.6) with ExternalDependencyInstrumentingArtifactTransform
Transforming commons-io-2.13.0.jar (commons-io:commons-io:2.13.0) with ExternalDependencyInstrumentingArtifactTransform
Transforming asm-commons-9.6.jar (org.ow2.asm:asm-commons:9.6) with ExternalDependencyInstrumentingArtifactTransform
Transforming asm-util-9.6.jar (org.ow2.asm:asm-util:9.6) with ExternalDependencyInstrumentingArtifactTransform
Transforming asm-analysis-9.6.jar (org.ow2.asm:asm-analysis:9.6) with ExternalDependencyInstrumentingArtifactTransform
Transforming asm-tree-9.6.jar (org.ow2.asm:asm-tree:9.6) with ExternalDependencyInstrumentingArtifactTransform
Transforming asm-9.6.jar (org.ow2.asm:asm:9.6) with ExternalDependencyInstrumentingArtifactTransform
Transforming apkzlib-8.5.0.jar (com.android.tools.build:apkzlib:8.5.0) with ExternalDependencyInstrumentingArtifactTransform
Transforming bcpkix-jdk18on-1.77.jar (org.bouncycastle:bcpkix-jdk18on:1.77) with ExternalDependencyInstrumentingArtifactTransform
Transforming jaxb-runtime-2.3.2.jar (org.glassfish.jaxb:jaxb-runtime:2.3.2) with ExternalDependencyInstrumentingArtifactTransform
Transforming jopt-simple-4.9.jar (net.sf.jopt-simple:jopt-simple:4.9) with ExternalDependencyInstrumentingArtifactTransform
Transforming javapoet-1.10.0.jar (com.squareup:javapoet:1.10.0) with ExternalDependencyInstrumentingArtifactTransform
Transforming protobuf-java-util-3.22.3.jar (com.google.protobuf:protobuf-java-util:3.22.3) with ExternalDependencyInstrumentingArtifactTransform
Transforming grpc-protobuf-1.57.0.jar (io.grpc:grpc-protobuf:1.57.0) with ExternalDependencyInstrumentingArtifactTransform
Transforming tink-1.7.0.jar (com.google.crypto.tink:tink:1.7.0) with ExternalDependencyInstrumentingArtifactTransform
Transforming protos-31.5.0.jar (com.android.tools.analytics-library:protos:31.5.0) with ExternalDependencyInstrumentingArtifactTransform
Transforming proto-google-common-protos-2.17.0.jar (com.google.api.grpc:proto-google-common-protos:2.17.0) with ExternalDependencyInstrumentingArtifactTransform
Transforming protobuf-java-3.22.3.jar (com.google.protobuf:protobuf-java:3.22.3) with ExternalDependencyInstrumentingArtifactTransform
Transforming grpc-netty-1.57.0.jar (io.grpc:grpc-netty:1.57.0) with ExternalDependencyInstrumentingArtifactTransform
Transforming grpc-core-1.57.0.jar (io.grpc:grpc-core:1.57.0) with ExternalDependencyInstrumentingArtifactTransform
Transforming kotlin-build-statistics-2.0.0.jar (org.jetbrains.kotlin:kotlin-build-statistics:2.0.0) with ExternalDependencyInstrumentingArtifactTransform
Transforming gson-2.10.1.jar (com.google.code.gson:gson:2.10.1) with ExternalDependencyInstrumentingArtifactTransform
Transforming grpc-stub-1.57.0.jar (io.grpc:grpc-stub:1.57.0) with ExternalDependencyInstrumentingArtifactTransform
Transforming core-proto-0.0.9-alpha02.jar (com.google.testing.platform:core-proto:0.0.9-alpha02) with ExternalDependencyInstrumentingArtifactTransform
Transforming kxml2-2.3.0.jar (net.sf.kxml:kxml2:2.3.0) with ExternalDependencyInstrumentingArtifactTransform
Transforming tensorflow-lite-metadata-0.1.0-rc2.jar (org.tensorflow:tensorflow-lite-metadata:0.1.0-rc2) with ExternalDependencyInstrumentingArtifactTransform
Transforming flatbuffers-java-1.12.0.jar (com.google.flatbuffers:flatbuffers-java:1.12.0) with ExternalDependencyInstrumentingArtifactTransform
Transforming kotlin-gradle-plugin-idea-proto-2.0.0.jar (org.jetbrains.kotlin:kotlin-gradle-plugin-idea-proto:2.0.0) with ExternalDependencyInstrumentingArtifactTransform
Transforming kotlin-gradle-plugin-idea-2.0.0.jar (org.jetbrains.kotlin:kotlin-gradle-plugin-idea:2.0.0) with ExternalDependencyInstrumentingArtifactTransform
Transforming kotlin-klib-commonizer-api-2.0.0.jar (org.jetbrains.kotlin:kotlin-klib-commonizer-api:2.0.0) with ExternalDependencyInstrumentingArtifactTransform
Transforming kotlin-build-tools-api-2.0.0.jar (org.jetbrains.kotlin:kotlin-build-tools-api:2.0.0) with ExternalDependencyInstrumentingArtifactTransform
Transforming kotlin-compiler-runner-2.0.0.jar (org.jetbrains.kotlin:kotlin-compiler-runner:2.0.0) with ExternalDependencyInstrumentingArtifactTransform
Transforming kotlin-native-utils-2.0.0.jar (org.jetbrains.kotlin:kotlin-native-utils:2.0.0) with ExternalDependencyInstrumentingArtifactTransform
Transforming kotlin-util-klib-2.0.0.jar (org.jetbrains.kotlin:kotlin-util-klib:2.0.0) with ExternalDependencyInstrumentingArtifactTransform
Transforming kotlin-compiler-embeddable-2.0.0.jar (org.jetbrains.kotlin:kotlin-compiler-embeddable:2.0.0) with ExternalDependencyInstrumentingArtifactTransform
Transforming jimfs-1.1.jar (com.google.jimfs:jimfs:1.1) with ExternalDependencyInstrumentingArtifactTransform
Transforming grpc-context-1.57.0.jar (io.grpc:grpc-context:1.57.0) with ExternalDependencyInstrumentingArtifactTransform
Transforming grpc-protobuf-lite-1.57.0.jar (io.grpc:grpc-protobuf-lite:1.57.0) with ExternalDependencyInstrumentingArtifactTransform
Transforming grpc-api-1.57.0.jar (io.grpc:grpc-api:1.57.0) with ExternalDependencyInstrumentingArtifactTransform
Transforming guava-32.0.1-jre.jar (com.google.guava:guava:32.0.1-jre) with ExternalDependencyInstrumentingArtifactTransform
Transforming dagger-2.28.3.jar (com.google.dagger:dagger:2.28.3) with ExternalDependencyInstrumentingArtifactTransform
Transforming javax.inject-1.jar (javax.inject:javax.inject:1) with ExternalDependencyInstrumentingArtifactTransform
Transforming bcutil-jdk18on-1.77.jar (org.bouncycastle:bcutil-jdk18on:1.77) with ExternalDependencyInstrumentingArtifactTransform
Transforming bcprov-jdk18on-1.77.jar (org.bouncycastle:bcprov-jdk18on:1.77) with ExternalDependencyInstrumentingArtifactTransform
Transforming trove4j-1.0.20200330.jar (org.jetbrains.intellij.deps:trove4j:1.0.20200330) with ExternalDependencyInstrumentingArtifactTransform
Transforming commons-compress-1.21.jar (org.apache.commons:commons-compress:1.21) with ExternalDependencyInstrumentingArtifactTransform
Transforming httpclient-4.5.14.jar (org.apache.httpcomponents:httpclient:4.5.14) with ExternalDependencyInstrumentingArtifactTransform
Transforming httpcore-4.4.16.jar (org.apache.httpcomponents:httpcore:4.4.16) with ExternalDependencyInstrumentingArtifactTransform
Transforming javax.activation-1.2.0.jar (com.sun.activation:javax.activation:1.2.0) with ExternalDependencyInstrumentingArtifactTransform
Transforming signflinger-8.5.0.jar (com.android:signflinger:8.5.0) with ExternalDependencyInstrumentingArtifactTransform
Transforming zipflinger-8.5.0.jar (com.android:zipflinger:8.5.0) with ExternalDependencyInstrumentingArtifactTransform
Transforming annotations-31.5.0.jar (com.android.tools:annotations:31.5.0) with ExternalDependencyInstrumentingArtifactTransform
Transforming jna-platform-5.6.0.jar (net.java.dev.jna:jna-platform:5.6.0) with ExternalDependencyInstrumentingArtifactTransform
Transforming juniversalchardet-1.0.3.jar (com.googlecode.juniversalchardet:juniversalchardet:1.0.3) with ExternalDependencyInstrumentingArtifactTransform
Transforming javax.annotation-api-1.3.2.jar (javax.annotation:javax.annotation-api:1.3.2) with ExternalDependencyInstrumentingArtifactTransform
Transforming stax-ex-1.8.1.jar (org.jvnet.staxex:stax-ex:1.8.1) with ExternalDependencyInstrumentingArtifactTransform
Transforming jakarta.xml.bind-api-2.3.2.jar (jakarta.xml.bind:jakarta.xml.bind-api:2.3.2) with ExternalDependencyInstrumentingArtifactTransform
Transforming txw2-2.3.2.jar (org.glassfish.jaxb:txw2:2.3.2) with ExternalDependencyInstrumentingArtifactTransform
Transforming istack-commons-runtime-3.0.8.jar (com.sun.istack:istack-commons-runtime:3.0.8) with ExternalDependencyInstrumentingArtifactTransform
Transforming FastInfoset-1.2.16.jar (com.sun.xml.fastinfoset:FastInfoset:1.2.16) with ExternalDependencyInstrumentingArtifactTransform
Transforming jakarta.activation-api-1.2.1.jar (jakarta.activation:jakarta.activation-api:1.2.1) with ExternalDependencyInstrumentingArtifactTransform
Transforming auto-value-annotations-1.6.2.jar (com.google.auto.value:auto-value-annotations:1.6.2) with ExternalDependencyInstrumentingArtifactTransform
Transforming error_prone_annotations-2.18.0.jar (com.google.errorprone:error_prone_annotations:2.18.0) with ExternalDependencyInstrumentingArtifactTransform
Transforming jose4j-0.9.5.jar (org.bitbucket.b_c:jose4j:0.9.5) with ExternalDependencyInstrumentingArtifactTransform
Transforming slf4j-api-1.7.30.jar (org.slf4j:slf4j-api:1.7.30) with ExternalDependencyInstrumentingArtifactTransform
Transforming jdom2-2.0.6.jar (org.jdom:jdom2:2.0.6) with ExternalDependencyInstrumentingArtifactTransform
Transforming jsr305-3.0.2.jar (com.google.code.findbugs:jsr305:3.0.2) with ExternalDependencyInstrumentingArtifactTransform
Transforming j2objc-annotations-2.8.jar (com.google.j2objc:j2objc-annotations:2.8) with ExternalDependencyInstrumentingArtifactTransform
Transforming annotations-4.1.1.4.jar (com.google.android:annotations:4.1.1.4) with ExternalDependencyInstrumentingArtifactTransform
Transforming animal-sniffer-annotations-1.23.jar (org.codehaus.mojo:animal-sniffer-annotations:1.23) with ExternalDependencyInstrumentingArtifactTransform
Transforming perfmark-api-0.26.0.jar (io.perfmark:perfmark-api:0.26.0) with ExternalDependencyInstrumentingArtifactTransform
Transforming netty-codec-http2-4.1.93.Final.jar (io.netty:netty-codec-http2:4.1.93.Final) with ExternalDependencyInstrumentingArtifactTransform
Transforming netty-handler-proxy-4.1.93.Final.jar (io.netty:netty-handler-proxy:4.1.93.Final) with ExternalDependencyInstrumentingArtifactTransform
Transforming netty-codec-http-4.1.93.Final.jar (io.netty:netty-codec-http:4.1.93.Final) with ExternalDependencyInstrumentingArtifactTransform
Transforming netty-handler-4.1.93.Final.jar (io.netty:netty-handler:4.1.93.Final) with ExternalDependencyInstrumentingArtifactTransform
Transforming netty-transport-native-unix-common-4.1.93.Final.jar (io.netty:netty-transport-native-unix-common:4.1.93.Final) with ExternalDependencyInstrumentingArtifactTransform
Transforming checker-qual-3.33.0.jar (org.checkerframework:checker-qual:3.33.0) with ExternalDependencyInstrumentingArtifactTransform
Transforming commons-codec-1.11.jar (commons-codec:commons-codec:1.11) with ExternalDependencyInstrumentingArtifactTransform
Transforming apksig-8.5.0.jar (com.android.tools.build:apksig:8.5.0) with ExternalDependencyInstrumentingArtifactTransform
Transforming javawriter-2.5.0.jar (com.squareup:javawriter:2.5.0) with ExternalDependencyInstrumentingArtifactTransform
Transforming kotlin-gradle-plugin-annotations-2.0.0.jar (org.jetbrains.kotlin:kotlin-gradle-plugin-annotations:2.0.0) with ExternalDependencyInstrumentingArtifactTransform
Transforming kotlin-tooling-core-2.0.0.jar (org.jetbrains.kotlin:kotlin-tooling-core:2.0.0) with ExternalDependencyInstrumentingArtifactTransform
Transforming kotlin-daemon-client-2.0.0.jar (org.jetbrains.kotlin:kotlin-daemon-client:2.0.0) with ExternalDependencyInstrumentingArtifactTransform
Transforming kotlinx-coroutines-core-jvm-1.5.0.jar (org.jetbrains.kotlinx:kotlinx-coroutines-core-jvm:1.5.0) with ExternalDependencyInstrumentingArtifactTransform
Transforming kotlin-util-io-2.0.0.jar (org.jetbrains.kotlin:kotlin-util-io:2.0.0) with ExternalDependencyInstrumentingArtifactTransform
Transforming kotlin-daemon-embeddable-2.0.0.jar (org.jetbrains.kotlin:kotlin-daemon-embeddable:2.0.0) with ExternalDependencyInstrumentingArtifactTransform
Transforming failureaccess-1.0.1.jar (com.google.guava:failureaccess:1.0.1) with ExternalDependencyInstrumentingArtifactTransform
Transforming listenablefuture-9999.0-empty-to-avoid-conflict-with-guava.jar (com.google.guava:listenablefuture:9999.0-empty-to-avoid-conflict-with-guava) with ExternalDependencyInstrumentingArtifactTransform
Transforming commons-logging-1.2.jar (commons-logging:commons-logging:1.2) with ExternalDependencyInstrumentingArtifactTransform
Transforming jna-5.6.0.jar (net.java.dev.jna:jna:5.6.0) with ExternalDependencyInstrumentingArtifactTransform
Transforming netty-codec-socks-4.1.93.Final.jar (io.netty:netty-codec-socks:4.1.93.Final) with ExternalDependencyInstrumentingArtifactTransform
Transforming netty-codec-4.1.93.Final.jar (io.netty:netty-codec:4.1.93.Final) with ExternalDependencyInstrumentingArtifactTransform
Transforming netty-transport-4.1.93.Final.jar (io.netty:netty-transport:4.1.93.Final) with ExternalDependencyInstrumentingArtifactTransform
Transforming netty-buffer-4.1.93.Final.jar (io.netty:netty-buffer:4.1.93.Final) with ExternalDependencyInstrumentingArtifactTransform
Transforming netty-resolver-4.1.93.Final.jar (io.netty:netty-resolver:4.1.93.Final) with ExternalDependencyInstrumentingArtifactTransform
Transforming netty-common-4.1.93.Final.jar (io.netty:netty-common:4.1.93.Final) with ExternalDependencyInstrumentingArtifactTransform

> Configure project :app
Evaluating project ':app' using build file '/app/app/build.gradle.kts'.
Using default execution profile
Using Kotlin Gradle Plugin gradle85 variant
Caching disabled for Kotlin DSL script compilation (Project/TopLevel/stage2) because:
  Build cache is disabled
e: file:///app/app/build.gradle.kts:54:42: Unresolved reference. None of the following candidates is applicable because of receiver type mismatch:
public inline operator fun BigDecimal.minus(other: BigDecimal): BigDecimal defined in kotlin
public inline operator fun BigInteger.minus(other: BigInteger): BigInteger defined in kotlin
public operator fun <T> Iterable<TypeVariable(T)>.minus(element: TypeVariable(T)): List<TypeVariable(T)> defined in kotlin.collections
public operator fun <T> Iterable<TypeVariable(T)>.minus(elements: Array<out TypeVariable(T)>): List<TypeVariable(T)> defined in kotlin.collections
public operator fun <T> Iterable<TypeVariable(T)>.minus(elements: Iterable<TypeVariable(T)>): List<TypeVariable(T)> defined in kotlin.collections
public operator fun <T> Iterable<TypeVariable(T)>.minus(elements: Sequence<TypeVariable(T)>): List<TypeVariable(T)> defined in kotlin.collections
public operator fun <K, V> Map<out TypeVariable(K), TypeVariable(V)>.minus(key: TypeVariable(K)): Map<TypeVariable(K), TypeVariable(V)> defined in kotlin.collections
public operator fun <K, V> Map<out TypeVariable(K), TypeVariable(V)>.minus(keys: Array<out TypeVariable(K)>): Map<TypeVariable(K), TypeVariable(V)> defined in kotlin.collections
public operator fun <K, V> Map<out TypeVariable(K), TypeVariable(V)>.minus(keys: Iterable<TypeVariable(K)>): Map<TypeVariable(K), TypeVariable(V)> defined in kotlin.collections
public operator fun <K, V> Map<out TypeVariable(K), TypeVariable(V)>.minus(keys: Sequence<TypeVariable(K)>): Map<TypeVariable(K), TypeVariable(V)> defined in kotlin.collections
public operator fun <T> Set<TypeVariable(T)>.minus(element: TypeVariable(T)): Set<TypeVariable(T)> defined in kotlin.collections
public operator fun <T> Set<TypeVariable(T)>.minus(elements: Array<out TypeVariable(T)>): Set<TypeVariable(T)> defined in kotlin.collections
public operator fun <T> Set<TypeVariable(T)>.minus(elements: Iterable<TypeVariable(T)>): Set<TypeVariable(T)> defined in kotlin.collections
public operator fun <T> Set<TypeVariable(T)>.minus(elements: Sequence<TypeVariable(T)>): Set<TypeVariable(T)> defined in kotlin.collections
public operator fun <T> Sequence<TypeVariable(T)>.minus(element: TypeVariable(T)): Sequence<TypeVariable(T)> defined in kotlin.sequences
public operator fun <T> Sequence<TypeVariable(T)>.minus(elements: Array<out TypeVariable(T)>): Sequence<TypeVariable(T)> defined in kotlin.sequences
public operator fun <T> Sequence<TypeVariable(T)>.minus(elements: Iterable<TypeVariable(T)>): Sequence<TypeVariable(T)> defined in kotlin.sequences
public operator fun <T> Sequence<TypeVariable(T)>.minus(elements: Sequence<TypeVariable(T)>): Sequence<TypeVariable(T)> defined in kotlin.sequences
e: file:///app/app/build.gradle.kts:54:43: Unresolved reference: compose
e: file:///app/app/build.gradle.kts:57:36: Unresolved reference. None of the following candidates is applicable because of receiver type mismatch:
public inline operator fun BigDecimal.minus(other: BigDecimal): BigDecimal defined in kotlin
public inline operator fun BigInteger.minus(other: BigInteger): BigInteger defined in kotlin
public operator fun <T> Iterable<TypeVariable(T)>.minus(element: TypeVariable(T)): List<TypeVariable(T)> defined in kotlin.collections
public operator fun <T> Iterable<TypeVariable(T)>.minus(elements: Array<out TypeVariable(T)>): List<TypeVariable(T)> defined in kotlin.collections
public operator fun <T> Iterable<TypeVariable(T)>.minus(elements: Iterable<TypeVariable(T)>): List<TypeVariable(T)> defined in kotlin.collections
public operator fun <T> Iterable<TypeVariable(T)>.minus(elements: Sequence<TypeVariable(T)>): List<TypeVariable(T)> defined in kotlin.collections
public operator fun <K, V> Map<out TypeVariable(K), TypeVariable(V)>.minus(key: TypeVariable(K)): Map<TypeVariable(K), TypeVariable(V)> defined in kotlin.collections
public operator fun <K, V> Map<out TypeVariable(K), TypeVariable(V)>.minus(keys: Array<out TypeVariable(K)>): Map<TypeVariable(K), TypeVariable(V)> defined in kotlin.collections
public operator fun <K, V> Map<out TypeVariable(K), TypeVariable(V)>.minus(keys: Iterable<TypeVariable(K)>): Map<TypeVariable(K), TypeVariable(V)> defined in kotlin.collections
public operator fun <K, V> Map<out TypeVariable(K), TypeVariable(V)>.minus(keys: Sequence<TypeVariable(K)>): Map<TypeVariable(K), TypeVariable(V)> defined in kotlin.collections
public operator fun <T> Set<TypeVariable(T)>.minus(element: TypeVariable(T)): Set<TypeVariable(T)> defined in kotlin.collections
public operator fun <T> Set<TypeVariable(T)>.minus(elements: Array<out TypeVariable(T)>): Set<TypeVariable(T)> defined in kotlin.collections
public operator fun <T> Set<TypeVariable(T)>.minus(elements: Iterable<TypeVariable(T)>): Set<TypeVariable(T)> defined in kotlin.collections
public operator fun <T> Set<TypeVariable(T)>.minus(elements: Sequence<TypeVariable(T)>): Set<TypeVariable(T)> defined in kotlin.collections
public operator fun <T> Sequence<TypeVariable(T)>.minus(element: TypeVariable(T)): Sequence<TypeVariable(T)> defined in kotlin.sequences
public operator fun <T> Sequence<TypeVariable(T)>.minus(elements: Array<out TypeVariable(T)>): Sequence<TypeVariable(T)> defined in kotlin.sequences
public operator fun <T> Sequence<TypeVariable(T)>.minus(elements: Iterable<TypeVariable(T)>): Sequence<TypeVariable(T)> defined in kotlin.sequences
public operator fun <T> Sequence<TypeVariable(T)>.minus(elements: Sequence<TypeVariable(T)>): Sequence<TypeVariable(T)> defined in kotlin.sequences
e: file:///app/app/build.gradle.kts:57:37: Unresolved reference: graphics
e: file:///app/app/build.gradle.kts:58:36: Unresolved reference. None of the following candidates is applicable because of receiver type mismatch:
public inline operator fun BigDecimal.minus(other: BigDecimal): BigDecimal defined in kotlin
public inline operator fun BigInteger.minus(other: BigInteger): BigInteger defined in kotlin
public operator fun <T> Iterable<TypeVariable(T)>.minus(element: TypeVariable(T)): List<TypeVariable(T)> defined in kotlin.collections
public operator fun <T> Iterable<TypeVariable(T)>.minus(elements: Array<out TypeVariable(T)>): List<TypeVariable(T)> defined in kotlin.collections
public operator fun <T> Iterable<TypeVariable(T)>.minus(elements: Iterable<TypeVariable(T)>): List<TypeVariable(T)> defined in kotlin.collections
public operator fun <T> Iterable<TypeVariable(T)>.minus(elements: Sequence<TypeVariable(T)>): List<TypeVariable(T)> defined in kotlin.collections
public operator fun <K, V> Map<out TypeVariable(K), TypeVariable(V)>.minus(key: TypeVariable(K)): Map<TypeVariable(K), TypeVariable(V)> defined in kotlin.collections
public operator fun <K, V> Map<out TypeVariable(K), TypeVariable(V)>.minus(keys: Array<out TypeVariable(K)>): Map<TypeVariable(K), TypeVariable(V)> defined in kotlin.collections
public operator fun <K, V> Map<out TypeVariable(K), TypeVariable(V)>.minus(keys: Iterable<TypeVariable(K)>): Map<TypeVariable(K), TypeVariable(V)> defined in kotlin.collections
public operator fun <K, V> Map<out TypeVariable(K), TypeVariable(V)>.minus(keys: Sequence<TypeVariable(K)>): Map<TypeVariable(K), TypeVariable(V)> defined in kotlin.collections
public operator fun <T> Set<TypeVariable(T)>.minus(element: TypeVariable(T)): Set<TypeVariable(T)> defined in kotlin.collections
public operator fun <T> Set<TypeVariable(T)>.minus(elements: Array<out TypeVariable(T)>): Set<TypeVariable(T)> defined in kotlin.collections
public operator fun <T> Set<TypeVariable(T)>.minus(elements: Iterable<TypeVariable(T)>): Set<TypeVariable(T)> defined in kotlin.collections
public operator fun <T> Set<TypeVariable(T)>.minus(elements: Sequence<TypeVariable(T)>): Set<TypeVariable(T)> defined in kotlin.collections
public operator fun <T> Sequence<TypeVariable(T)>.minus(element: TypeVariable(T)): Sequence<TypeVariable(T)> defined in kotlin.sequences
public operator fun <T> Sequence<TypeVariable(T)>.minus(elements: Array<out TypeVariable(T)>): Sequence<TypeVariable(T)> defined in kotlin.sequences
public operator fun <T> Sequence<TypeVariable(T)>.minus(elements: Iterable<TypeVariable(T)>): Sequence<TypeVariable(T)> defined in kotlin.sequences
public operator fun <T> Sequence<TypeVariable(T)>.minus(elements: Sequence<TypeVariable(T)>): Sequence<TypeVariable(T)> defined in kotlin.sequences
e: file:///app/app/build.gradle.kts:58:37: Unresolved reference: tooling
e: file:///app/app/build.gradle.kts:58:45: Unresolved reference: preview
e: file:///app/app/build.gradle.kts:70:41: Unresolved reference. None of the following candidates is applicable because of receiver type mismatch:
public inline operator fun BigDecimal.minus(other: BigDecimal): BigDecimal defined in kotlin
public inline operator fun BigInteger.minus(other: BigInteger): BigInteger defined in kotlin
public operator fun <T> Iterable<TypeVariable(T)>.minus(element: TypeVariable(T)): List<TypeVariable(T)> defined in kotlin.collections
public operator fun <T> Iterable<TypeVariable(T)>.minus(elements: Array<out TypeVariable(T)>): List<TypeVariable(T)> defined in kotlin.collections
public operator fun <T> Iterable<TypeVariable(T)>.minus(elements: Iterable<TypeVariable(T)>): List<TypeVariable(T)> defined in kotlin.collections
public operator fun <T> Iterable<TypeVariable(T)>.minus(elements: Sequence<TypeVariable(T)>): List<TypeVariable(T)> defined in kotlin.collections
public operator fun <K, V> Map<out TypeVariable(K), TypeVariable(V)>.minus(key: TypeVariable(K)): Map<TypeVariable(K), TypeVariable(V)> defined in kotlin.collections
public operator fun <K, V> Map<out TypeVariable(K), TypeVariable(V)>.minus(keys: Array<out TypeVariable(K)>): Map<TypeVariable(K), TypeVariable(V)> defined in kotlin.collections
public operator fun <K, V> Map<out TypeVariable(K), TypeVariable(V)>.minus(keys: Iterable<TypeVariable(K)>): Map<TypeVariable(K), TypeVariable(V)> defined in kotlin.collections
public operator fun <K, V> Map<out TypeVariable(K), TypeVariable(V)>.minus(keys: Sequence<TypeVariable(K)>): Map<TypeVariable(K), TypeVariable(V)> defined in kotlin.collections
public operator fun <T> Set<TypeVariable(T)>.minus(element: TypeVariable(T)): Set<TypeVariable(T)> defined in kotlin.collections
public operator fun <T> Set<TypeVariable(T)>.minus(elements: Array<out TypeVariable(T)>): Set<TypeVariable(T)> defined in kotlin.collections
public operator fun <T> Set<TypeVariable(T)>.minus(elements: Iterable<TypeVariable(T)>): Set<TypeVariable(T)> defined in kotlin.collections
public operator fun <T> Set<TypeVariable(T)>.minus(elements: Sequence<TypeVariable(T)>): Set<TypeVariable(T)> defined in kotlin.collections
public operator fun <T> Sequence<TypeVariable(T)>.minus(element: TypeVariable(T)): Sequence<TypeVariable(T)> defined in kotlin.sequences
public operator fun <T> Sequence<TypeVariable(T)>.minus(elements: Array<out TypeVariable(T)>): Sequence<TypeVariable(T)> defined in kotlin.sequences
public operator fun <T> Sequence<TypeVariable(T)>.minus(elements: Iterable<TypeVariable(T)>): Sequence<TypeVariable(T)> defined in kotlin.sequences
public operator fun <T> Sequence<TypeVariable(T)>.minus(elements: Sequence<TypeVariable(T)>): Sequence<TypeVariable(T)> defined in kotlin.sequences
e: file:///app/app/build.gradle.kts:70:42: Unresolved reference: tooling

FAILURE: Build failed with an exception.

* Where:
Build file '/app/app/build.gradle.kts' line: 54

* What went wrong:
Script compilation errors:

  Line 54:     implementation(libs.androidx.activity-compose)
                                                    ^ Unresolved reference. None of the following candidates is applicable because of receiver type mismatch:
                                                        public inline operator fun BigDecimal.minus(other: BigDecimal): BigDecimal defined in kotlin
                                                        public inline operator fun BigInteger.minus(other: BigInteger): BigInteger defined in kotlin
                                                        public operator fun <T> Iterable<TypeVariable(T)>.minus(element: TypeVariable(T)): List<TypeVariable(T)> defined in kotlin.collections
                                                        public operator fun <T> Iterable<TypeVariable(T)>.minus(elements: Array<out TypeVariable(T)>): List<TypeVariable(T)> defined in kotlin.collections
                                                        public operator fun <T> Iterable<TypeVariable(T)>.minus(elements: Iterable<TypeVariable(T)>): List<TypeVariable(T)> defined in kotlin.collections
                                                        public operator fun <T> Iterable<TypeVariable(T)>.minus(elements: Sequence<TypeVariable(T)>): List<TypeVariable(T)> defined in kotlin.collections
                                                        public operator fun <K, V> Map<out TypeVariable(K), TypeVariable(V)>.minus(key: TypeVariable(K)): Map<TypeVariable(K), TypeVariable(V)> defined in kotlin.collections
                                                        public operator fun <K, V> Map<out TypeVariable(K), TypeVariable(V)>.minus(keys: Array<out TypeVariable(K)>): Map<TypeVariable(K), TypeVariable(V)> defined in kotlin.collections
                                                        public operator fun <K, V> Map<out TypeVariable(K), TypeVariable(V)>.minus(keys: Iterable<TypeVariable(K)>): Map<TypeVariable(K), TypeVariable(V)> defined in kotlin.collections
                                                        public operator fun <K, V> Map<out TypeVariable(K), TypeVariable(V)>.minus(keys: Sequence<TypeVariable(K)>): Map<TypeVariable(K), TypeVariable(V)> defined in kotlin.collections
                                                        public operator fun <T> Set<TypeVariable(T)>.minus(element: TypeVariable(T)): Set<TypeVariable(T)> defined in kotlin.collections
                                                        public operator fun <T> Set<TypeVariable(T)>.minus(elements: Array<out TypeVariable(T)>): Set<TypeVariable(T)> defined in kotlin.collections
                                                        public operator fun <T> Set<TypeVariable(T)>.minus(elements: Iterable<TypeVariable(T)>): Set<TypeVariable(T)> defined in kotlin.collections
                                                        public operator fun <T> Set<TypeVariable(T)>.minus(elements: Sequence<TypeVariable(T)>): Set<TypeVariable(T)> defined in kotlin.collections
                                                        public operator fun <T> Sequence<TypeVariable(T)>.minus(element: TypeVariable(T)): Sequence<TypeVariable(T)> defined in kotlin.sequences
                                                        public operator fun <T> Sequence<TypeVariable(T)>.minus(elements: Array<out TypeVariable(T)>): Sequence<TypeVariable(T)> defined in kotlin.sequences
                                                        public operator fun <T> Sequence<TypeVariable(T)>.minus(elements: Iterable<TypeVariable(T)>): Sequence<TypeVariable(T)> defined in kotlin.sequences
                                                        public operator fun <T> Sequence<TypeVariable(T)>.minus(elements: Sequence<TypeVariable(T)>): Sequence<TypeVariable(T)> defined in kotlin.sequences

  Line 54:     implementation(libs.androidx.activity-compose)
                                                     ^ Unresolved reference: compose

  Line 57:     implementation(libs.androidx.ui-graphics)
                                              ^ Unresolved reference. None of the following candidates is applicable because of receiver type mismatch:
                                                  public inline operator fun BigDecimal.minus(other: BigDecimal): BigDecimal defined in kotlin
                                                  public inline operator fun BigInteger.minus(other: BigInteger): BigInteger defined in kotlin
                                                  public operator fun <T> Iterable<TypeVariable(T)>.minus(element: TypeVariable(T)): List<TypeVariable(T)> defined in kotlin.collections
                                                  public operator fun <T> Iterable<TypeVariable(T)>.minus(elements: Array<out TypeVariable(T)>): List<TypeVariable(T)> defined in kotlin.collections
                                                  public operator fun <T> Iterable<TypeVariable(T)>.minus(elements: Iterable<TypeVariable(T)>): List<TypeVariable(T)> defined in kotlin.collections
                                                  public operator fun <T> Iterable<TypeVariable(T)>.minus(elements: Sequence<TypeVariable(T)>): List<TypeVariable(T)> defined in kotlin.collections
                                                  public operator fun <K, V> Map<out TypeVariable(K), TypeVariable(V)>.minus(key: TypeVariable(K)): Map<TypeVariable(K), TypeVariable(V)> defined in kotlin.collections
                                                  public operator fun <K, V> Map<out TypeVariable(K), TypeVariable(V)>.minus(keys: Array<out TypeVariable(K)>): Map<TypeVariable(K), TypeVariable(V)> defined in kotlin.collections
                                                  public operator fun <K, V> Map<out TypeVariable(K), TypeVariable(V)>.minus(keys: Iterable<TypeVariable(K)>): Map<TypeVariable(K), TypeVariable(V)> defined in kotlin.collections
                                                  public operator fun <K, V> Map<out TypeVariable(K), TypeVariable(V)>.minus(keys: Sequence<TypeVariable(K)>): Map<TypeVariable(K), TypeVariable(V)> defined in kotlin.collections
                                                  public operator fun <T> Set<TypeVariable(T)>.minus(element: TypeVariable(T)): Set<TypeVariable(T)> defined in kotlin.collections
                                                  public operator fun <T> Set<TypeVariable(T)>.minus(elements: Array<out TypeVariable(T)>): Set<TypeVariable(T)> defined in kotlin.collections
                                                  public operator fun <T> Set<TypeVariable(T)>.minus(elements: Iterable<TypeVariable(T)>): Set<TypeVariable(T)> defined in kotlin.collections
                                                  public operator fun <T> Set<TypeVariable(T)>.minus(elements: Sequence<TypeVariable(T)>): Set<TypeVariable(T)> defined in kotlin.collections
                                                  public operator fun <T> Sequence<TypeVariable(T)>.minus(element: TypeVariable(T)): Sequence<TypeVariable(T)> defined in kotlin.sequences
                                                  public operator fun <T> Sequence<TypeVariable(T)>.minus(elements: Array<out TypeVariable(T)>): Sequence<TypeVariable(T)> defined in kotlin.sequences
                                                  public operator fun <T> Sequence<TypeVariable(T)>.minus(elements: Iterable<TypeVariable(T)>): Sequence<TypeVariable(T)> defined in kotlin.sequences
                                                  public operator fun <T> Sequence<TypeVariable(T)>.minus(elements: Sequence<TypeVariable(T)>): Sequence<TypeVariable(T)> defined in kotlin.sequences

  Line 57:     implementation(libs.androidx.ui-graphics)
                                               ^ Unresolved reference: graphics

  Line 58:     implementation(libs.androidx.ui-tooling-preview)
                                              ^ Unresolved reference. None of the following candidates is applicable because of receiver type mismatch:
                                                  public inline operator fun BigDecimal.minus(other: BigDecimal): BigDecimal defined in kotlin
                                                  public inline operator fun BigInteger.minus(other: BigInteger): BigInteger defined in kotlin
                                                  public operator fun <T> Iterable<TypeVariable(T)>.minus(element: TypeVariable(T)): List<TypeVariable(T)> defined in kotlin.collections
                                                  public operator fun <T> Iterable<TypeVariable(T)>.minus(elements: Array<out TypeVariable(T)>): List<TypeVariable(T)> defined in kotlin.collections
                                                  public operator fun <T> Iterable<TypeVariable(T)>.minus(elements: Iterable<TypeVariable(T)>): List<TypeVariable(T)> defined in kotlin.collections
                                                  public operator fun <T> Iterable<TypeVariable(T)>.minus(elements: Sequence<TypeVariable(T)>): List<TypeVariable(T)> defined in kotlin.collections
                                                  public operator fun <K, V> Map<out TypeVariable(K), TypeVariable(V)>.minus(key: TypeVariable(K)): Map<TypeVariable(K), TypeVariable(V)> defined in kotlin.collections
                                                  public operator fun <K, V> Map<out TypeVariable(K), TypeVariable(V)>.minus(keys: Array<out TypeVariable(K)>): Map<TypeVariable(K), TypeVariable(V)> defined in kotlin.collections
                                                  public operator fun <K, V> Map<out TypeVariable(K), TypeVariable(V)>.minus(keys: Iterable<TypeVariable(K)>): Map<TypeVariable(K), TypeVariable(V)> defined in kotlin.collections
                                                  public operator fun <K, V> Map<out TypeVariable(K), TypeVariable(V)>.minus(keys: Sequence<TypeVariable(K)>): Map<TypeVariable(K), TypeVariable(V)> defined in kotlin.collections
                                                  public operator fun <T> Set<TypeVariable(T)>.minus(element: TypeVariable(T)): Set<TypeVariable(T)> defined in kotlin.collections
                                                  public operator fun <T> Set<TypeVariable(T)>.minus(elements: Array<out TypeVariable(T)>): Set<TypeVariable(T)> defined in kotlin.collections
                                                  public operator fun <T> Set<TypeVariable(T)>.minus(elements: Iterable<TypeVariable(T)>): Set<TypeVariable(T)> defined in kotlin.collections
                                                  public operator fun <T> Set<TypeVariable(T)>.minus(elements: Sequence<TypeVariable(T)>): Set<TypeVariable(T)> defined in kotlin.collections
                                                  public operator fun <T> Sequence<TypeVariable(T)>.minus(element: TypeVariable(T)): Sequence<TypeVariable(T)> defined in kotlin.sequences
                                                  public operator fun <T> Sequence<TypeVariable(T)>.minus(elements: Array<out TypeVariable(T)>): Sequence<TypeVariable(T)> defined in kotlin.sequences
                                                  public operator fun <T> Sequence<TypeVariable(T)>.minus(elements: Iterable<TypeVariable(T)>): Sequence<TypeVariable(T)> defined in kotlin.sequences
                                                  public operator fun <T> Sequence<TypeVariable(T)>.minus(elements: Sequence<TypeVariable(T)>): Sequence<TypeVariable(T)> defined in kotlin.sequences

  Line 58:     implementation(libs.androidx.ui-tooling-preview)
                                               ^ Unresolved reference: tooling

  Line 58:     implementation(libs.androidx.ui-tooling-preview)
                                                       ^ Unresolved reference: preview

  Line 70:     debugImplementation(libs.androidx.ui-tooling)
                                                   ^ Unresolved reference. None of the following candidates is applicable because of receiver type mismatch:
                                                       public inline operator fun BigDecimal.minus(other: BigDecimal): BigDecimal defined in kotlin
                                                       public inline operator fun BigInteger.minus(other: BigInteger): BigInteger defined in kotlin
                                                       public operator fun <T> Iterable<TypeVariable(T)>.minus(element: TypeVariable(T)): List<TypeVariable(T)> defined in kotlin.collections
                                                       public operator fun <T> Iterable<TypeVariable(T)>.minus(elements: Array<out TypeVariable(T)>): List<TypeVariable(T)> defined in kotlin.collections
                                                       public operator fun <T> Iterable<TypeVariable(T)>.minus(elements: Iterable<TypeVariable(T)>): List<TypeVariable(T)> defined in kotlin.collections
                                                       public operator fun <T> Iterable<TypeVariable(T)>.minus(elements: Sequence<TypeVariable(T)>): List<TypeVariable(T)> defined in kotlin.collections
                                                       public operator fun <K, V> Map<out TypeVariable(K), TypeVariable(V)>.minus(key: TypeVariable(K)): Map<TypeVariable(K), TypeVariable(V)> defined in kotlin.collections
                                                       public operator fun <K, V> Map<out TypeVariable(K), TypeVariable(V)>.minus(keys: Array<out TypeVariable(K)>): Map<TypeVariable(K), TypeVariable(V)> defined in kotlin.collections
                                                       public operator fun <K, V> Map<out TypeVariable(K), TypeVariable(V)>.minus(keys: Iterable<TypeVariable(K)>): Map<TypeVariable(K), TypeVariable(V)> defined in kotlin.collections
                                                       public operator fun <K, V> Map<out TypeVariable(K), TypeVariable(V)>.minus(keys: Sequence<TypeVariable(K)>): Map<TypeVariable(K), TypeVariable(V)> defined in kotlin.collections
                                                       public operator fun <T> Set<TypeVariable(T)>.minus(element: TypeVariable(T)): Set<TypeVariable(T)> defined in kotlin.collections
                                                       public operator fun <T> Set<TypeVariable(T)>.minus(elements: Array<out TypeVariable(T)>): Set<TypeVariable(T)> defined in kotlin.collections
                                                       public operator fun <T> Set<TypeVariable(T)>.minus(elements: Iterable<TypeVariable(T)>): Set<TypeVariable(T)> defined in kotlin.collections
                                                       public operator fun <T> Set<TypeVariable(T)>.minus(elements: Sequence<TypeVariable(T)>): Set<TypeVariable(T)> defined in kotlin.collections
                                                       public operator fun <T> Sequence<TypeVariable(T)>.minus(element: TypeVariable(T)): Sequence<TypeVariable(T)> defined in kotlin.sequences
                                                       public operator fun <T> Sequence<TypeVariable(T)>.minus(elements: Array<out TypeVariable(T)>): Sequence<TypeVariable(T)> defined in kotlin.sequences
                                                       public operator fun <T> Sequence<TypeVariable(T)>.minus(elements: Iterable<TypeVariable(T)>): Sequence<TypeVariable(T)> defined in kotlin.sequences
                                                       public operator fun <T> Sequence<TypeVariable(T)>.minus(elements: Sequence<TypeVariable(T)>): Sequence<TypeVariable(T)> defined in kotlin.sequences

  Line 70:     debugImplementation(libs.androidx.ui-tooling)
                                                    ^ Unresolved reference: tooling

9 errors

* Try:
> Run with --stacktrace option to get the stack trace.
> Run with --debug option to get more log output.
> Run with --scan to get full insights.
> Get more help at https://help.gradle.org.

BUILD FAILED in 15s
Some of the file system contents retained in the virtual file system are on file systems that Gradle doesn't support watching. The relevant state was discarded to ensure changes to these locations are properly detected. You can override this by explicitly enabling file system watching.
